app/build/intermediates/manifest_merge_blame_file/debug/manifest-merger-blame-debug-report.txt
1<?xml version="1.0" encoding="utf-8"?>
2<manifest xmlns:android="http://schemas.android.com/apk/res/android"
3    package="com.bvutest.analytics.pwa"
4    android:versionCode="1"
5    android:versionName="1.0" >
6
7    <uses-sdk
8        android:minSdkVersion="19"
8-->src\main\AndroidManifest.xml
9        android:targetSdkVersion="29" />
9-->src\main\AndroidManifest.xml
10
11    <supports-screens
11-->src\main\AndroidManifest.xml:5:5-191
12        android:anyDensity="true"
12-->src\main\AndroidManifest.xml:5:23-48
13        android:largeScreens="true"
13-->src\main\AndroidManifest.xml:5:49-76
14        android:normalScreens="true"
14-->src\main\AndroidManifest.xml:5:77-105
15        android:resizeable="true"
15-->src\main\AndroidManifest.xml:5:106-131
16        android:smallScreens="true"
16-->src\main\AndroidManifest.xml:5:132-159
17        android:xlargeScreens="true" />
17-->src\main\AndroidManifest.xml:5:160-188
18
19    <uses-permission android:name="android.permission.INTERNET" />
19-->src\main\AndroidManifest.xml:6:5-67
19-->src\main\AndroidManifest.xml:6:22-64
20    <uses-permission android:name="android.permission.ACCESS_NETWORK_STATE" />
20-->[com.huawei.hms:hianalytics:5.0.3.300] AndroidManifest.xml:12:5-79
20-->[com.huawei.hms:hianalytics:5.0.3.300] AndroidManifest.xml:12:22-76
21    <uses-permission android:name="com.huawei.appmarket.service.commondata.permission.GET_COMMON_DATA" /> <!-- HMS-SDK引导升级HMS功能，保存下载的升级包需要SD卡写权限 -->
21-->[com.huawei.hms:hianalytics:5.0.3.300] AndroidManifest.xml:13:5-106
21-->[com.huawei.hms:hianalytics:5.0.3.300] AndroidManifest.xml:13:22-103
22    <uses-permission android:name="android.permission.WRITE_EXTERNAL_STORAGE" /> <!-- 如果是安卓8.0，应用编译配置的targetSdkVersion>=26，请务必添加以下权限 -->
22-->[com.huawei.hms:availableupdate:5.0.0.301] AndroidManifest.xml:12:5-81
22-->[com.huawei.hms:availableupdate:5.0.0.301] AndroidManifest.xml:12:22-78
23    <uses-permission android:name="android.permission.REQUEST_INSTALL_PACKAGES" />
23-->[com.huawei.hms:availableupdate:5.0.0.301] AndroidManifest.xml:16:5-83
23-->[com.huawei.hms:availableupdate:5.0.0.301] AndroidManifest.xml:16:22-80
24    <uses-permission android:name="android.permission.READ_EXTERNAL_STORAGE" />
25
26    <application
26-->src\main\AndroidManifest.xml:7:5-20:19
27        android:allowBackup="true"
27-->src\main\AndroidManifest.xml:9:9-35
28        android:appComponentFactory="android.support.v4.app.CoreComponentFactory"
28-->[com.android.support:support-compat:28.0.0] AndroidManifest.xml:22:18-91
29        android:debuggable="true"
30        android:icon="@mipmap/ic_launcher"
30-->src\main\AndroidManifest.xml:11:9-43
31        android:label="@string/app_name"
31-->src\main\AndroidManifest.xml:8:9-41
32        android:supportsRtl="true"
32-->src\main\AndroidManifest.xml:10:9-35
33        android:testOnly="true"
34        android:theme="@style/SplashTheme" >
34-->src\main\AndroidManifest.xml:12:9-43
35        <activity android:name="com.bvutest.analytics.pwa.MainActivity" >
35-->src\main\AndroidManifest.xml:13:9-19:20
35-->src\main\AndroidManifest.xml:13:19-47
36            <intent-filter>
36-->src\main\AndroidManifest.xml:14:13-18:29
37                <action android:name="android.intent.action.MAIN" />
37-->src\main\AndroidManifest.xml:15:17-69
37-->src\main\AndroidManifest.xml:15:25-66
38
39                <category android:name="android.intent.category.LAUNCHER" />
39-->src\main\AndroidManifest.xml:17:17-77
39-->src\main\AndroidManifest.xml:17:27-74
40            </intent-filter>
41        </activity>
42
43        <meta-data
43-->[com.huawei.hms:hianalytics:5.0.3.300] AndroidManifest.xml:16:9-18:53
44            android:name="com.huawei.hms.client.service.name:hianalytics"
44-->[com.huawei.hms:hianalytics:5.0.3.300] AndroidManifest.xml:17:13-74
45            android:value="hianalytics:5.0.3.300" />
45-->[com.huawei.hms:hianalytics:5.0.3.300] AndroidManifest.xml:18:13-50
46        <meta-data
46-->[com.huawei.hms:hianalytics:5.0.3.300] AndroidManifest.xml:19:9-21:33
47            android:name="com.huawei.hms.min_api_level:hianalytics:hianalytics"
47-->[com.huawei.hms:hianalytics:5.0.3.300] AndroidManifest.xml:20:13-80
48            android:value="1" />
48-->[com.huawei.hms:hianalytics:5.0.3.300] AndroidManifest.xml:21:13-30
49
50        <receiver
50-->[com.huawei.hms:hianalytics:5.0.3.300] AndroidManifest.xml:23:9-29:20
51            android:name="com.huawei.hms.analytics.receiver.HiAnalyticsSvcEvtReceiver"
51-->[com.huawei.hms:hianalytics:5.0.3.300] AndroidManifest.xml:24:13-87
52            android:exported="false" >
52-->[com.huawei.hms:hianalytics:5.0.3.300] AndroidManifest.xml:25:13-37
53            <intent-filter>
53-->[com.huawei.hms:hianalytics:5.0.3.300] AndroidManifest.xml:26:13-28:29
54                <action android:name="com.huawei.hms.analytics.pps.event" />
54-->[com.huawei.hms:hianalytics:5.0.3.300] AndroidManifest.xml:27:17-77
54-->[com.huawei.hms:hianalytics:5.0.3.300] AndroidManifest.xml:27:25-74
55            </intent-filter>
56        </receiver>
57
58        <service
58-->[com.huawei.agconnect:agconnect-credential:1.4.0.300] AndroidManifest.xml:15:9-21:19
59            android:name="com.huawei.agconnect.core.ServiceDiscovery"
59-->[com.huawei.agconnect:agconnect-credential:1.4.0.300] AndroidManifest.xml:16:13-70
60            android:exported="false" >
60-->[com.huawei.agconnect:agconnect-credential:1.4.0.300] AndroidManifest.xml:17:13-37
61            <meta-data
61-->[com.huawei.agconnect:agconnect-credential:1.4.0.300] AndroidManifest.xml:18:13-20:78
62                android:name="com.huawei.agconnect.credential.CredentialServiceRegistrar:500"
62-->[com.huawei.agconnect:agconnect-credential:1.4.0.300] AndroidManifest.xml:19:17-94
63                android:value="com.huawei.agconnect.core.ServiceRegistrar" />
63-->[com.huawei.agconnect:agconnect-credential:1.4.0.300] AndroidManifest.xml:20:17-75
64        </service>
65
66        <uses-library
66-->[com.huawei.agconnect:agconnect-credential:1.4.0.300] AndroidManifest.xml:23:9-25:40
67            android:name="org.apache.http.legacy"
67-->[com.huawei.agconnect:agconnect-credential:1.4.0.300] AndroidManifest.xml:24:13-50
68            android:required="false" />
68-->[com.huawei.agconnect:agconnect-credential:1.4.0.300] AndroidManifest.xml:25:13-37
69
70        <provider
70-->[com.huawei.hms:opendevice:5.0.0.301] AndroidManifest.xml:10:9-13:40
71            android:name="com.huawei.hms.aaid.InitProvider"
71-->[com.huawei.hms:opendevice:5.0.0.301] AndroidManifest.xml:11:13-60
72            android:authorities="com.bvutest.analytics.pwa.aaidinitprovider"
72-->[com.huawei.hms:opendevice:5.0.0.301] AndroidManifest.xml:12:13-68
73            android:exported="false" />
73-->[com.huawei.hms:opendevice:5.0.0.301] AndroidManifest.xml:13:13-37
74
75        <meta-data
75-->[com.huawei.hms:opendevice:5.0.0.301] AndroidManifest.xml:15:9-17:52
76            android:name="com.huawei.hms.client.service.name:opendevice"
76-->[com.huawei.hms:opendevice:5.0.0.301] AndroidManifest.xml:16:13-73
77            android:value="opendevice:5.0.0.301" />
77-->[com.huawei.hms:opendevice:5.0.0.301] AndroidManifest.xml:17:13-49
78        <meta-data
78-->[com.huawei.hms:opendevice:5.0.0.301] AndroidManifest.xml:18:9-20:33
79            android:name="com.huawei.hms.min_api_level:opendevice:push"
79-->[com.huawei.hms:opendevice:5.0.0.301] AndroidManifest.xml:19:13-72
80            android:value="1" />
80-->[com.huawei.hms:opendevice:5.0.0.301] AndroidManifest.xml:20:13-30
81        <!--
82        为后续统计第三方app集成了哪些Kit，因此需要Kit在自己的AndroidManifest.xml文件中定义业务标签元数据，
83        流水线打包时会替换成HMSVER对应的版本号，不要手动修改
84        -->
85        <meta-data
85-->[com.huawei.hms:base:5.0.0.301] AndroidManifest.xml:18:9-20:46
86            android:name="com.huawei.hms.client.service.name:base"
86-->[com.huawei.hms:base:5.0.0.301] AndroidManifest.xml:19:13-67
87            android:value="base:5.0.0.301" /> <!-- SDK依赖的HMSCore的最低api level元数据 -->
87-->[com.huawei.hms:base:5.0.0.301] AndroidManifest.xml:20:13-43
88        <meta-data
88-->[com.huawei.hms:base:5.0.0.301] AndroidManifest.xml:23:9-25:33
89            android:name="com.huawei.hms.min_api_level:base:hmscore"
89-->[com.huawei.hms:base:5.0.0.301] AndroidManifest.xml:24:13-69
90            android:value="1" /> <!-- 用于判断是否集成了本lib -->
90-->[com.huawei.hms:base:5.0.0.301] AndroidManifest.xml:25:13-30
91        <meta-data
91-->[com.huawei.hms:availableupdate:5.0.0.301] AndroidManifest.xml:23:9-25:35
92            android:name="availableLoaded"
92-->[com.huawei.hms:availableupdate:5.0.0.301] AndroidManifest.xml:24:13-43
93            android:value="yes" />
93-->[com.huawei.hms:availableupdate:5.0.0.301] AndroidManifest.xml:25:13-32
94
95        <provider
95-->[com.huawei.hms:availableupdate:5.0.0.301] AndroidManifest.xml:27:9-32:20
96            android:name="com.huawei.hms.update.provider.UpdateProvider"
96-->[com.huawei.hms:availableupdate:5.0.0.301] AndroidManifest.xml:28:13-73
97            android:authorities="com.bvutest.analytics.pwa.hms.update.provider"
97-->[com.huawei.hms:availableupdate:5.0.0.301] AndroidManifest.xml:29:13-71
98            android:exported="false"
98-->[com.huawei.hms:availableupdate:5.0.0.301] AndroidManifest.xml:30:13-37
99            android:grantUriPermissions="true" >
99-->[com.huawei.hms:availableupdate:5.0.0.301] AndroidManifest.xml:31:13-47
100        </provider>
101        <provider
101-->[com.huawei.agconnect:agconnect-core:1.4.0.300] AndroidManifest.xml:11:9-14:40
102            android:name="com.huawei.agconnect.core.provider.AGConnectInitializeProvider"
102-->[com.huawei.agconnect:agconnect-core:1.4.0.300] AndroidManifest.xml:12:13-90
103            android:authorities="com.bvutest.analytics.pwa.AGCInitializeProvider"
103-->[com.huawei.agconnect:agconnect-core:1.4.0.300] AndroidManifest.xml:13:13-73
104            android:exported="false" />
104-->[com.huawei.agconnect:agconnect-core:1.4.0.300] AndroidManifest.xml:14:13-37
105
106        <activity
106-->[com.huawei.hms:ui:5.0.0.301] AndroidManifest.xml:10:9-21:20
107            android:name="com.huawei.hms.activity.BridgeActivity"
107-->[com.huawei.hms:ui:5.0.0.301] AndroidManifest.xml:11:13-66
108            android:configChanges="orientation|locale|layoutDirection|fontScale|screenSize|smallestScreenSize|screenLayout"
108-->[com.huawei.hms:ui:5.0.0.301] AndroidManifest.xml:12:13-124
109            android:excludeFromRecents="true"
109-->[com.huawei.hms:ui:5.0.0.301] AndroidManifest.xml:13:13-46
110            android:exported="false"
110-->[com.huawei.hms:ui:5.0.0.301] AndroidManifest.xml:14:13-37
111            android:hardwareAccelerated="true"
111-->[com.huawei.hms:ui:5.0.0.301] AndroidManifest.xml:15:13-47
112            android:screenOrientation="behind"
112-->[com.huawei.hms:ui:5.0.0.301] AndroidManifest.xml:16:13-47
113            android:theme="@android:style/Theme.Translucent" >
113-->[com.huawei.hms:ui:5.0.0.301] AndroidManifest.xml:17:13-61
114            <meta-data
114-->[com.huawei.hms:ui:5.0.0.301] AndroidManifest.xml:18:13-20:77
115                android:name="hwc-theme"
115-->[com.huawei.hms:ui:5.0.0.301] AndroidManifest.xml:19:17-41
116                android:value="androidhwext:style/Theme.Emui.Translucent" />
116-->[com.huawei.hms:ui:5.0.0.301] AndroidManifest.xml:20:17-74
117        </activity>
118        <activity
118-->[com.huawei.hms:ui:5.0.0.301] AndroidManifest.xml:22:9-26:20
119            android:name="com.huawei.hms.activity.EnableServiceActivity"
119-->[com.huawei.hms:ui:5.0.0.301] AndroidManifest.xml:23:13-73
120            android:configChanges="orientation|keyboardHidden|screenSize|smallestScreenSize|screenLayout"
120-->[com.huawei.hms:ui:5.0.0.301] AndroidManifest.xml:24:13-106
121            android:exported="false" >
121-->[com.huawei.hms:ui:5.0.0.301] AndroidManifest.xml:25:13-37
122        </activity>
123        <activity
123-->[com.huawei.hms:update:2.0.6.302] AndroidManifest.xml:21:9-29:20
124            android:name="com.huawei.updatesdk.service.otaupdate.AppUpdateActivity"
124-->[com.huawei.hms:update:2.0.6.302] AndroidManifest.xml:22:13-84
125            android:configChanges="orientation|screenSize"
125-->[com.huawei.hms:update:2.0.6.302] AndroidManifest.xml:23:13-59
126            android:exported="false"
126-->[com.huawei.hms:update:2.0.6.302] AndroidManifest.xml:24:13-37
127            android:theme="@style/upsdkDlDialog" >
127-->[com.huawei.hms:update:2.0.6.302] AndroidManifest.xml:25:13-49
128            <meta-data
128-->[com.huawei.hms:ui:5.0.0.301] AndroidManifest.xml:18:13-20:77
129                android:name="hwc-theme"
129-->[com.huawei.hms:ui:5.0.0.301] AndroidManifest.xml:19:17-41
130                android:value="androidhwext:style/Theme.Emui.Translucent.NoTitleBar" />
130-->[com.huawei.hms:ui:5.0.0.301] AndroidManifest.xml:20:17-74
131        </activity>
132        <activity
132-->[com.huawei.hms:update:2.0.6.302] AndroidManifest.xml:30:9-38:20
133            android:name="com.huawei.updatesdk.support.pm.PackageInstallerActivity"
133-->[com.huawei.hms:update:2.0.6.302] AndroidManifest.xml:31:13-84
134            android:configChanges="orientation|keyboardHidden|screenSize"
134-->[com.huawei.hms:update:2.0.6.302] AndroidManifest.xml:32:13-74
135            android:exported="false"
135-->[com.huawei.hms:update:2.0.6.302] AndroidManifest.xml:33:13-37
136            android:theme="@style/upsdkDlDialog" >
136-->[com.huawei.hms:update:2.0.6.302] AndroidManifest.xml:34:13-49
137            <meta-data
137-->[com.huawei.hms:ui:5.0.0.301] AndroidManifest.xml:18:13-20:77
138                android:name="hwc-theme"
138-->[com.huawei.hms:ui:5.0.0.301] AndroidManifest.xml:19:17-41
139                android:value="androidhwext:style/Theme.Emui.Translucent" />
139-->[com.huawei.hms:ui:5.0.0.301] AndroidManifest.xml:20:17-74
140        </activity>
141
142        <provider
142-->[com.huawei.hms:update:2.0.6.302] AndroidManifest.xml:40:9-45:20
143            android:name="com.huawei.updatesdk.fileprovider.UpdateSdkFileProvider"
143-->[com.huawei.hms:update:2.0.6.302] AndroidManifest.xml:41:13-83
144            android:authorities="com.bvutest.analytics.pwa.updateSdk.fileProvider"
144-->[com.huawei.hms:update:2.0.6.302] AndroidManifest.xml:42:13-74
145            android:exported="false"
145-->[com.huawei.hms:update:2.0.6.302] AndroidManifest.xml:43:13-37
146            android:grantUriPermissions="true" >
146-->[com.huawei.hms:update:2.0.6.302] AndroidManifest.xml:44:13-47
147        </provider>
148    </application>
149
150</manifest>